<?xml version="1.0" encoding="UTF-8"?>
<!-- Generated by org.testng.reporters.JUnitReportReporter -->
<testsuite skipped="0" hostname="DESKTOP-2KR4K00" name="Tests.Login_Test" tests="5" failures="0" timestamp="2021-04-30T02:20:27 CEST" time="16.065" errors="0">
  <testcase name="successfulLogin" time="7.397" classname="Tests.Login_Test"/>
  <system-out/>
  <testcase name="logInWithBlankUsername" time="1.137" classname="Tests.Login_Test"/>
  <system-out/>
  <testcase name="logInWithBlankPassword" time="1.201" classname="Tests.Login_Test"/>
  <system-out/>
  <testcase name="logInWithInvalidUsername" time="4.186" classname="Tests.Login_Test"/>
  <system-out/>
  <testcase name="logInWithWrongPassword" time="2.144" classname="Tests.Login_Test"/>
  <system-out/>
</testsuite> <!-- Tests.Login_Test -->
